# JRE version: Java(TM) SE Runtime Environment (8.0_05-b13) (build 1.8.0_05-b13)
# Java VM: Java HotSpot(TM) 64-Bit Server VM (25.5-b02 mixed mode windows-amd64 compressed oops)
Heap:
 PSYoungGen      total 497152K, used 246639K [0x000000076d700000, 0x0000000792700000, 0x00000007c0000000)
  eden space 456704K, 46% used [0x000000076d700000,0x000000077a60e378,0x0000000789500000)
  from space 40448K, 85% used [0x000000078ff80000,0x000000079214da98,0x0000000792700000)
  to   space 74752K, 0% used [0x0000000789500000,0x0000000789500000,0x000000078de00000)
 ParOldGen       total 72704K, used 30533K [0x00000006c8400000, 0x00000006ccb00000, 0x000000076d700000)
  object space 72704K, 41% used [0x00000006c8400000,0x00000006ca1d17a0,0x00000006ccb00000)
 Metaspace       used 10268K, capacity 10466K, committed 10624K, reserved 1058816K
  class space    used 991K, capacity 1071K, committed 1152K, reserved 1048576K
GC Heap History (10 events):
Event: 1502.154 GC heap before
{Heap before GC invocations=137 (full 18):
 PSYoungGen      total 589312K, used 558592K [0x000000076d700000, 0x000000079b900000, 0x00000007c0000000)
  eden space 558592K, 100% used [0x000000076d700000,0x000000078f880000,0x000000078f880000)
  from space 30720K, 0% used [0x0000000799b00000,0x0000000799b00000,0x000000079b900000)
  to   space 83456K, 0% used [0x0000000791600000,0x0000000791600000,0x0000000796780000)
 ParOldGen       total 177664K, used 130219K [0x00000006c8400000, 0x00000006d3180000, 0x000000076d700000)
  object space 177664K, 73% used [0x00000006c8400000,0x00000006d032ad50,0x00000006d3180000)
 Metaspace       used 10268K, capacity 10466K, committed 10624K, reserved 1058816K
  class space    used 991K, capacity 1071K, committed 1152K, reserved 1048576K
Event: 1502.219 GC heap after
Heap after GC invocations=137 (full 18):
 PSYoungGen      total 557056K, used 25656K [0x000000076d700000, 0x0000000799b80000, 0x00000007c0000000)
  eden space 530944K, 0% used [0x000000076d700000,0x000000076d700000,0x000000078dd80000)
  from space 26112K, 98% used [0x0000000791600000,0x0000000792f0e110,0x0000000792f80000)
  to   space 82432K, 0% used [0x0000000794b00000,0x0000000794b00000,0x0000000799b80000)
 ParOldGen       total 177664K, used 130219K [0x00000006c8400000, 0x00000006d3180000, 0x000000076d700000)
  object space 177664K, 73% used [0x00000006c8400000,0x00000006d032ad50,0x00000006d3180000)
 Metaspace       used 10268K, capacity 10466K, committed 10624K, reserved 1058816K
  class space    used 991K, capacity 1071K, committed 1152K, reserved 1048576K
}
Event: 1519.481 GC heap before
{Heap before GC invocations=138 (full 18):
 PSYoungGen      total 557056K, used 556596K [0x000000076d700000, 0x0000000799b80000, 0x00000007c0000000)
  eden space 530944K, 99% used [0x000000076d700000,0x000000078dd7ef90,0x000000078dd80000)
  from space 26112K, 98% used [0x0000000791600000,0x0000000792f0e110,0x0000000792f80000)
  to   space 82432K, 0% used [0x0000000794b00000,0x0000000794b00000,0x0000000799b80000)
 ParOldGen       total 177664K, used 130219K [0x00000006c8400000, 0x00000006d3180000, 0x000000076d700000)
  object space 177664K, 73% used [0x00000006c8400000,0x00000006d032ad50,0x00000006d3180000)
 Metaspace       used 10268K, capacity 10466K, committed 10624K, reserved 1058816K
  class space    used 991K, capacity 1071K, committed 1152K, reserved 1048576K
Event: 1519.538 GC heap after
Heap after GC invocations=138 (full 18):
 PSYoungGen      total 544256K, used 39205K [0x000000076d700000, 0x0000000797180000, 0x00000007c0000000)
  eden space 504832K, 0% used [0x000000076d700000,0x000000076d700000,0x000000078c400000)
  from space 39424K, 99% used [0x0000000794b00000,0x0000000797149408,0x0000000797180000)
  to   space 78848K, 0% used [0x000000078d780000,0x000000078d780000,0x0000000792480000)
 ParOldGen       total 177664K, used 137164K [0x00000006c8400000, 0x00000006d3180000, 0x000000076d700000)
  object space 177664K, 77% used [0x00000006c8400000,0x00000006d09f30b0,0x00000006d3180000)
 Metaspace       used 10268K, capacity 10466K, committed 10624K, reserved 1058816K
  class space    used 991K, capacity 1071K, committed 1152K, reserved 1048576K
}
Event: 1536.703 GC heap before
{Heap before GC invocations=139 (full 18):
 PSYoungGen      total 544256K, used 544037K [0x000000076d700000, 0x0000000797180000, 0x00000007c0000000)
  eden space 504832K, 100% used [0x000000076d700000,0x000000078c400000,0x000000078c400000)
  from space 39424K, 99% used [0x0000000794b00000,0x0000000797149408,0x0000000797180000)
  to   space 78848K, 0% used [0x000000078d780000,0x000000078d780000,0x0000000792480000)
 ParOldGen       total 177664K, used 137164K [0x00000006c8400000, 0x00000006d3180000, 0x000000076d700000)
  object space 177664K, 77% used [0x00000006c8400000,0x00000006d09f30b0,0x00000006d3180000)
 Metaspace       used 10268K, capacity 10466K, committed 10624K, reserved 1058816K
  class space    used 991K, capacity 1071K, committed 1152K, reserved 1048576K
Event: 1536.789 GC heap after
Heap after GC invocations=139 (full 18):
 PSYoungGen      total 507392K, used 26970K [0x000000076d700000, 0x0000000794b80000, 0x00000007c0000000)
  eden space 480256K, 0% used [0x000000076d700000,0x000000076d700000,0x000000078ac00000)
  from space 27136K, 99% used [0x000000078d780000,0x000000078f1d6b10,0x000000078f200000)
  to   space 77824K, 0% used [0x000000078ff80000,0x000000078ff80000,0x0000000794b80000)
 ParOldGen       total 177664K, used 149931K [0x00000006c8400000, 0x00000006d3180000, 0x000000076d700000)
  object space 177664K, 84% used [0x00000006c8400000,0x00000006d166ada0,0x00000006d3180000)
 Metaspace       used 10268K, capacity 10466K, committed 10624K, reserved 1058816K
  class space    used 991K, capacity 1071K, committed 1152K, reserved 1048576K
}
Event: 1536.789 GC heap before
{Heap before GC invocations=140 (full 19):
 PSYoungGen      total 507392K, used 26970K [0x000000076d700000, 0x0000000794b80000, 0x00000007c0000000)
  eden space 480256K, 0% used [0x000000076d700000,0x000000076d700000,0x000000078ac00000)
  from space 27136K, 99% used [0x000000078d780000,0x000000078f1d6b10,0x000000078f200000)
  to   space 77824K, 0% used [0x000000078ff80000,0x000000078ff80000,0x0000000794b80000)
 ParOldGen       total 177664K, used 149931K [0x00000006c8400000, 0x00000006d3180000, 0x000000076d700000)
  object space 177664K, 84% used [0x00000006c8400000,0x00000006d166ada0,0x00000006d3180000)
 Metaspace       used 10268K, capacity 10466K, committed 10624K, reserved 1058816K
  class space    used 991K, capacity 1071K, committed 1152K, reserved 1048576K
Event: 1536.862 GC heap after
Heap after GC invocations=140 (full 19):
 PSYoungGen      total 507392K, used 0K [0x000000076d700000, 0x0000000794b80000, 0x00000007c0000000)
  eden space 480256K, 0% used [0x000000076d700000,0x000000076d700000,0x000000078ac00000)
  from space 27136K, 0% used [0x000000078d780000,0x000000078d780000,0x000000078f200000)
  to   space 77824K, 0% used [0x000000078ff80000,0x000000078ff80000,0x0000000794b80000)
 ParOldGen       total 72704K, used 30533K [0x00000006c8400000, 0x00000006ccb00000, 0x000000076d700000)
  object space 72704K, 41% used [0x00000006c8400000,0x00000006ca1d17a0,0x00000006ccb00000)
 Metaspace       used 10268K, capacity 10466K, committed 10624K, reserved 1058816K
  class space    used 991K, capacity 1071K, committed 1152K, reserved 1048576K
}
Event: 1552.829 GC heap before
{Heap before GC invocations=141 (full 19):
 PSYoungGen      total 507392K, used 480256K [0x000000076d700000, 0x0000000794b80000, 0x00000007c0000000)
  eden space 480256K, 100% used [0x000000076d700000,0x000000078ac00000,0x000000078ac00000)
  from space 27136K, 0% used [0x000000078d780000,0x000000078d780000,0x000000078f200000)
  to   space 77824K, 0% used [0x000000078ff80000,0x000000078ff80000,0x0000000794b80000)
 ParOldGen       total 72704K, used 30533K [0x00000006c8400000, 0x00000006ccb00000, 0x000000076d700000)
  object space 72704K, 41% used [0x00000006c8400000,0x00000006ca1d17a0,0x00000006ccb00000)
 Metaspace       used 10268K, capacity 10466K, committed 10624K, reserved 1058816K
  class space    used 991K, capacity 1071K, committed 1152K, reserved 1048576K
Event: 1552.865 GC heap after
Heap after GC invocations=141 (full 19):
 PSYoungGen      total 497152K, used 34614K [0x000000076d700000, 0x0000000792700000, 0x00000007c0000000)
  eden space 456704K, 0% used [0x000000076d700000,0x000000076d700000,0x0000000789500000)
  from space 40448K, 85% used [0x000000078ff80000,0x000000079214da98,0x0000000792700000)
  to   space 74752K, 0% used [0x0000000789500000,0x0000000789500000,0x000000078de00000)
 ParOldGen       total 72704K, used 30533K [0x00000006c8400000, 0x00000006ccb00000, 0x000000076d700000)
  object space 72704K, 41% used [0x00000006c8400000,0x00000006ca1d17a0,0x00000006ccb00000)
 Metaspace       used 10268K, capacity 10466K, committed 10624K, reserved 1058816K
  class space    used 991K, capacity 1071K, committed 1152K, reserved 1048576K
}

