# JRE version: Java(TM) SE Runtime Environment (8.0_25-b17) (build 1.8.0_25-b17)
# Java VM: Java HotSpot(TM) 64-Bit Server VM (25.25-b02 mixed mode linux-amd64 compressed oops)
Heap:
 PSYoungGen      total 958464K, used 81487K [0x0000000781f80000, 0x00000007c0000000, 0x00000007c0000000)
  eden space 900608K, 9% used [0x0000000781f80000,0x0000000786f13d90,0x00000007b8f00000)
  from space 57856K, 0% used [0x00000007b8f00000,0x00000007b8f00000,0x00000007bc780000)
  to   space 57856K, 0% used [0x00000007bc780000,0x00000007bc780000,0x00000007c0000000)
 ParOldGen       total 188416K, used 93147K [0x0000000705e00000, 0x0000000711600000, 0x0000000781f80000)
  object space 188416K, 49% used [0x0000000705e00000,0x000000070b8f6cd0,0x0000000711600000)
 Metaspace       used 25463K, capacity 25836K, committed 26412K, reserved 1073152K
  class space    used 2059K, capacity 2233K, committed 2432K, reserved 1048576K
GC Heap History (10 events):
Event: 59.391 GC heap before
{Heap before GC invocations=9 (full 0):
 PSYoungGen      total 774656K, used 774643K [0x0000000781f80000, 0x00000007b3080000, 0x00000007c0000000)
  eden space 770048K, 100% used [0x0000000781f80000,0x00000007b0f80000,0x00000007b0f80000)
  from space 4608K, 99% used [0x00000007b1c00000,0x00000007b207cfa0,0x00000007b2080000)
  to   space 12800K, 0% used [0x00000007b0f80000,0x00000007b0f80000,0x00000007b1c00000)
 ParOldGen       total 128512K, used 20185K [0x0000000705e00000, 0x000000070db80000, 0x0000000781f80000)
  object space 128512K, 15% used [0x0000000705e00000,0x00000007071b6610,0x000000070db80000)
 Metaspace       used 14147K, capacity 14872K, committed 14976K, reserved 1062912K
  class space    used 1444K, capacity 1623K, committed 1664K, reserved 1048576K
Event: 59.462 GC heap after
Heap after GC invocations=9 (full 0):
 PSYoungGen      total 782848K, used 12769K [0x0000000781f80000, 0x00000007c0000000, 0x00000007c0000000)
  eden space 770048K, 0% used [0x0000000781f80000,0x0000000781f80000,0x00000007b0f80000)
  from space 12800K, 99% used [0x00000007b0f80000,0x00000007b1bf8690,0x00000007b1c00000)
  to   space 35328K, 0% used [0x00000007bdd80000,0x00000007bdd80000,0x00000007c0000000)
 ParOldGen       total 128512K, used 70488K [0x0000000705e00000, 0x000000070db80000, 0x0000000781f80000)
  object space 128512K, 54% used [0x0000000705e00000,0x000000070a2d63b0,0x000000070db80000)
 Metaspace       used 14147K, capacity 14872K, committed 14976K, reserved 1062912K
  class space    used 1444K, capacity 1623K, committed 1664K, reserved 1048576K
}
Event: 98.886 GC heap before
{Heap before GC invocations=10 (full 0):
 PSYoungGen      total 782848K, used 782817K [0x0000000781f80000, 0x00000007c0000000, 0x00000007c0000000)
  eden space 770048K, 100% used [0x0000000781f80000,0x00000007b0f80000,0x00000007b0f80000)
  from space 12800K, 99% used [0x00000007b0f80000,0x00000007b1bf8690,0x00000007b1c00000)
  to   space 35328K, 0% used [0x00000007bdd80000,0x00000007bdd80000,0x00000007c0000000)
 ParOldGen       total 128512K, used 70488K [0x0000000705e00000, 0x000000070db80000, 0x0000000781f80000)
  object space 128512K, 54% used [0x0000000705e00000,0x000000070a2d63b0,0x000000070db80000)
 Metaspace       used 14389K, capacity 15136K, committed 15232K, reserved 1062912K
  class space    used 1444K, capacity 1623K, committed 1664K, reserved 1048576K
Event: 99.003 GC heap after
Heap after GC invocations=10 (full 0):
 PSYoungGen      total 935936K, used 35302K [0x0000000781f80000, 0x00000007c0000000, 0x00000007c0000000)
  eden space 900608K, 0% used [0x0000000781f80000,0x0000000781f80000,0x00000007b8f00000)
  from space 35328K, 99% used [0x00000007bdd80000,0x00000007bfff98d0,0x00000007c0000000)
  to   space 57856K, 0% used [0x00000007b8f00000,0x00000007b8f00000,0x00000007bc780000)
 ParOldGen       total 128512K, used 114125K [0x0000000705e00000, 0x000000070db80000, 0x0000000781f80000)
  object space 128512K, 88% used [0x0000000705e00000,0x000000070cd73570,0x000000070db80000)
 Metaspace       used 14389K, capacity 15136K, committed 15232K, reserved 1062912K
  class space    used 1444K, capacity 1623K, committed 1664K, reserved 1048576K
}
Event: 99.003 GC heap before
{Heap before GC invocations=11 (full 1):
 PSYoungGen      total 935936K, used 35302K [0x0000000781f80000, 0x00000007c0000000, 0x00000007c0000000)
  eden space 900608K, 0% used [0x0000000781f80000,0x0000000781f80000,0x00000007b8f00000)
  from space 35328K, 99% used [0x00000007bdd80000,0x00000007bfff98d0,0x00000007c0000000)
  to   space 57856K, 0% used [0x00000007b8f00000,0x00000007b8f00000,0x00000007bc780000)
 ParOldGen       total 128512K, used 114125K [0x0000000705e00000, 0x000000070db80000, 0x0000000781f80000)
  object space 128512K, 88% used [0x0000000705e00000,0x000000070cd73570,0x000000070db80000)
 Metaspace       used 14389K, capacity 15136K, committed 15232K, reserved 1062912K
  class space    used 1444K, capacity 1623K, committed 1664K, reserved 1048576K
Event: 99.135 GC heap after
Heap after GC invocations=11 (full 1):
 PSYoungGen      total 935936K, used 0K [0x0000000781f80000, 0x00000007c0000000, 0x00000007c0000000)
  eden space 900608K, 0% used [0x0000000781f80000,0x0000000781f80000,0x00000007b8f00000)
  from space 35328K, 0% used [0x00000007bdd80000,0x00000007bdd80000,0x00000007c0000000)
  to   space 57856K, 0% used [0x00000007b8f00000,0x00000007b8f00000,0x00000007bc780000)
 ParOldGen       total 167936K, used 78382K [0x0000000705e00000, 0x0000000710200000, 0x0000000781f80000)
  object space 167936K, 46% used [0x0000000705e00000,0x000000070aa8b860,0x0000000710200000)
 Metaspace       used 13925K, capacity 14390K, committed 15232K, reserved 1062912K
  class space    used 1375K, capacity 1498K, committed 1664K, reserved 1048576K
}
Event: 156.596 GC heap before
{Heap before GC invocations=12 (full 1):
 PSYoungGen      total 935936K, used 828548K [0x0000000781f80000, 0x00000007c0000000, 0x00000007c0000000)
  eden space 900608K, 91% used [0x0000000781f80000,0x00000007b48a1038,0x00000007b8f00000)
  from space 35328K, 0% used [0x00000007bdd80000,0x00000007bdd80000,0x00000007c0000000)
  to   space 57856K, 0% used [0x00000007b8f00000,0x00000007b8f00000,0x00000007bc780000)
 ParOldGen       total 167936K, used 78382K [0x0000000705e00000, 0x0000000710200000, 0x0000000781f80000)
  object space 167936K, 46% used [0x0000000705e00000,0x000000070aa8b860,0x0000000710200000)
 Metaspace       used 24369K, capacity 24730K, committed 25388K, reserved 1073152K
  class space    used 2003K, capacity 2192K, committed 2432K, reserved 1048576K
Event: 156.669 GC heap after
Heap after GC invocations=12 (full 1):
 PSYoungGen      total 958464K, used 57832K [0x0000000781f80000, 0x00000007c0000000, 0x00000007c0000000)
  eden space 900608K, 0% used [0x0000000781f80000,0x0000000781f80000,0x00000007b8f00000)
  from space 57856K, 99% used [0x00000007b8f00000,0x00000007bc77a2c0,0x00000007bc780000)
  to   space 57856K, 0% used [0x00000007bc780000,0x00000007bc780000,0x00000007c0000000)
 ParOldGen       total 167936K, used 104336K [0x0000000705e00000, 0x0000000710200000, 0x0000000781f80000)
  object space 167936K, 62% used [0x0000000705e00000,0x000000070c3e42d0,0x0000000710200000)
 Metaspace       used 24369K, capacity 24730K, committed 25388K, reserved 1073152K
  class space    used 2003K, capacity 2192K, committed 2432K, reserved 1048576K
}
Event: 156.669 GC heap before
{Heap before GC invocations=13 (full 2):
 PSYoungGen      total 958464K, used 57832K [0x0000000781f80000, 0x00000007c0000000, 0x00000007c0000000)
  eden space 900608K, 0% used [0x0000000781f80000,0x0000000781f80000,0x00000007b8f00000)
  from space 57856K, 99% used [0x00000007b8f00000,0x00000007bc77a2c0,0x00000007bc780000)
  to   space 57856K, 0% used [0x00000007bc780000,0x00000007bc780000,0x00000007c0000000)
 ParOldGen       total 167936K, used 104336K [0x0000000705e00000, 0x0000000710200000, 0x0000000781f80000)
  object space 167936K, 62% used [0x0000000705e00000,0x000000070c3e42d0,0x0000000710200000)
 Metaspace       used 24369K, capacity 24730K, committed 25388K, reserved 1073152K
  class space    used 2003K, capacity 2192K, committed 2432K, reserved 1048576K
Event: 156.760 GC heap after
Heap after GC invocations=13 (full 2):
 PSYoungGen      total 958464K, used 0K [0x0000000781f80000, 0x00000007c0000000, 0x00000007c0000000)
  eden space 900608K, 0% used [0x0000000781f80000,0x0000000781f80000,0x00000007b8f00000)
  from space 57856K, 0% used [0x00000007b8f00000,0x00000007b8f00000,0x00000007bc780000)
  to   space 57856K, 0% used [0x00000007bc780000,0x00000007bc780000,0x00000007c0000000)
 ParOldGen       total 188416K, used 93147K [0x0000000705e00000, 0x0000000711600000, 0x0000000781f80000)
  object space 188416K, 49% used [0x0000000705e00000,0x000000070b8f6cd0,0x0000000711600000)
 Metaspace       used 24369K, capacity 24730K, committed 25388K, reserved 1073152K
  class space    used 2003K, capacity 2192K, committed 2432K, reserved 1048576K
}

