# JRE version: Java(TM) SE Runtime Environment (8.0_05-b13) (build 1.8.0_05-b13)
# Java VM: Java HotSpot(TM) 64-Bit Server VM (25.5-b02 mixed mode windows-amd64 compressed oops)
Heap:
 PSYoungGen      total 76800K, used 39216K [0x000000076d700000, 0x0000000773000000, 0x00000007c0000000)
  eden space 65536K, 49% used [0x000000076d700000,0x000000076f6fbec8,0x0000000771700000)
  from space 11264K, 57% used [0x0000000772500000,0x0000000772b502e8,0x0000000773000000)
  to   space 12800K, 0% used [0x0000000771700000,0x0000000771700000,0x0000000772380000)
 ParOldGen       total 162816K, used 107199K [0x00000006c8400000, 0x00000006d2300000, 0x000000076d700000)
  object space 162816K, 65% used [0x00000006c8400000,0x00000006cecafd20,0x00000006d2300000)
 Metaspace       used 10396K, capacity 10628K, committed 10880K, reserved 1058816K
  class space    used 993K, capacity 1066K, committed 1152K, reserved 1048576K
GC Heap History (10 events):
Event: 6750.539 GC heap before
{Heap before GC invocations=4555 (full 179):
 PSYoungGen      total 83456K, used 83438K [0x000000076d700000, 0x0000000773480000, 0x00000007c0000000)
  eden space 73216K, 99% used [0x000000076d700000,0x0000000771e7c400,0x0000000771e80000)
  from space 10240K, 99% used [0x0000000772580000,0x0000000772f7f648,0x0000000772f80000)
  to   space 5120K, 0% used [0x0000000772f80000,0x0000000772f80000,0x0000000773480000)
 ParOldGen       total 162816K, used 82055K [0x00000006c8400000, 0x00000006d2300000, 0x000000076d700000)
  object space 162816K, 50% used [0x00000006c8400000,0x00000006cd421d98,0x00000006d2300000)
 Metaspace       used 10396K, capacity 10628K, committed 10880K, reserved 1058816K
  class space    used 993K, capacity 1066K, committed 1152K, reserved 1048576K
Event: 6750.554 GC heap after
Heap after GC invocations=4555 (full 179):
 PSYoungGen      total 76800K, used 5118K [0x000000076d700000, 0x0000000773500000, 0x00000007c0000000)
  eden space 71680K, 0% used [0x000000076d700000,0x000000076d700000,0x0000000771d00000)
  from space 5120K, 99% used [0x0000000772f80000,0x000000077347f950,0x0000000773480000)
  to   space 12288K, 0% used [0x0000000771d00000,0x0000000771d00000,0x0000000772900000)
 ParOldGen       total 162816K, used 89417K [0x00000006c8400000, 0x00000006d2300000, 0x000000076d700000)
  object space 162816K, 54% used [0x00000006c8400000,0x00000006cdb52490,0x00000006d2300000)
 Metaspace       used 10396K, capacity 10628K, committed 10880K, reserved 1058816K
  class space    used 993K, capacity 1066K, committed 1152K, reserved 1048576K
}
Event: 6752.202 GC heap before
{Heap before GC invocations=4556 (full 179):
 PSYoungGen      total 76800K, used 76792K [0x000000076d700000, 0x0000000773500000, 0x00000007c0000000)
  eden space 71680K, 99% used [0x000000076d700000,0x0000000771cfea80,0x0000000771d00000)
  from space 5120K, 99% used [0x0000000772f80000,0x000000077347f950,0x0000000773480000)
  to   space 12288K, 0% used [0x0000000771d00000,0x0000000771d00000,0x0000000772900000)
 ParOldGen       total 162816K, used 89417K [0x00000006c8400000, 0x00000006d2300000, 0x000000076d700000)
  object space 162816K, 54% used [0x00000006c8400000,0x00000006cdb52490,0x00000006d2300000)
 Metaspace       used 10396K, capacity 10628K, committed 10880K, reserved 1058816K
  class space    used 993K, capacity 1066K, committed 1152K, reserved 1048576K
Event: 6752.213 GC heap after
Heap after GC invocations=4556 (full 179):
 PSYoungGen      total 80384K, used 9893K [0x000000076d700000, 0x0000000773380000, 0x00000007c0000000)
  eden space 70144K, 0% used [0x000000076d700000,0x000000076d700000,0x0000000771b80000)
  from space 10240K, 96% used [0x0000000771d00000,0x00000007726a94f8,0x0000000772700000)
  to   space 12288K, 0% used [0x0000000772780000,0x0000000772780000,0x0000000773380000)
 ParOldGen       total 162816K, used 92039K [0x00000006c8400000, 0x00000006d2300000, 0x000000076d700000)
  object space 162816K, 56% used [0x00000006c8400000,0x00000006cdde1ef0,0x00000006d2300000)
 Metaspace       used 10396K, capacity 10628K, committed 10880K, reserved 1058816K
  class space    used 993K, capacity 1066K, committed 1152K, reserved 1048576K
}
Event: 6753.879 GC heap before
{Heap before GC invocations=4557 (full 179):
 PSYoungGen      total 80384K, used 80037K [0x000000076d700000, 0x0000000773380000, 0x00000007c0000000)
  eden space 70144K, 100% used [0x000000076d700000,0x0000000771b80000,0x0000000771b80000)
  from space 10240K, 96% used [0x0000000771d00000,0x00000007726a94f8,0x0000000772700000)
  to   space 12288K, 0% used [0x0000000772780000,0x0000000772780000,0x0000000773380000)
 ParOldGen       total 162816K, used 92039K [0x00000006c8400000, 0x00000006d2300000, 0x000000076d700000)
  object space 162816K, 56% used [0x00000006c8400000,0x00000006cdde1ef0,0x00000006d2300000)
 Metaspace       used 10396K, capacity 10628K, committed 10880K, reserved 1058816K
  class space    used 993K, capacity 1066K, committed 1152K, reserved 1048576K
Event: 6753.889 GC heap after
Heap after GC invocations=4557 (full 179):
 PSYoungGen      total 80384K, used 10571K [0x000000076d700000, 0x0000000773300000, 0x00000007c0000000)
  eden space 68608K, 0% used [0x000000076d700000,0x000000076d700000,0x0000000771a00000)
  from space 11776K, 89% used [0x0000000772780000,0x00000007731d2ee0,0x0000000773300000)
  to   space 12800K, 0% used [0x0000000771a00000,0x0000000771a00000,0x0000000772680000)
 ParOldGen       total 162816K, used 97037K [0x00000006c8400000, 0x00000006d2300000, 0x000000076d700000)
  object space 162816K, 59% used [0x00000006c8400000,0x00000006ce2c34d8,0x00000006d2300000)
 Metaspace       used 10396K, capacity 10628K, committed 10880K, reserved 1058816K
  class space    used 993K, capacity 1066K, committed 1152K, reserved 1048576K
}
Event: 6755.565 GC heap before
{Heap before GC invocations=4558 (full 179):
 PSYoungGen      total 80384K, used 79179K [0x000000076d700000, 0x0000000773300000, 0x00000007c0000000)
  eden space 68608K, 100% used [0x000000076d700000,0x0000000771a00000,0x0000000771a00000)
  from space 11776K, 89% used [0x0000000772780000,0x00000007731d2ee0,0x0000000773300000)
  to   space 12800K, 0% used [0x0000000771a00000,0x0000000771a00000,0x0000000772680000)
 ParOldGen       total 162816K, used 97037K [0x00000006c8400000, 0x00000006d2300000, 0x000000076d700000)
  object space 162816K, 59% used [0x00000006c8400000,0x00000006ce2c34d8,0x00000006d2300000)
 Metaspace       used 10396K, capacity 10628K, committed 10880K, reserved 1058816K
  class space    used 993K, capacity 1066K, committed 1152K, reserved 1048576K
Event: 6755.577 GC heap after
Heap after GC invocations=4558 (full 179):
 PSYoungGen      total 77312K, used 10210K [0x000000076d700000, 0x0000000773180000, 0x00000007c0000000)
  eden space 67072K, 0% used [0x000000076d700000,0x000000076d700000,0x0000000771880000)
  from space 10240K, 99% used [0x0000000771a00000,0x00000007723f8a70,0x0000000772400000)
  to   space 12800K, 0% used [0x0000000772500000,0x0000000772500000,0x0000000773180000)
 ParOldGen       total 162816K, used 102705K [0x00000006c8400000, 0x00000006d2300000, 0x000000076d700000)
  object space 162816K, 63% used [0x00000006c8400000,0x00000006ce84c5b0,0x00000006d2300000)
 Metaspace       used 10396K, capacity 10628K, committed 10880K, reserved 1058816K
  class space    used 993K, capacity 1066K, committed 1152K, reserved 1048576K
}
Event: 6756.851 GC heap before
{Heap before GC invocations=4559 (full 179):
 PSYoungGen      total 77312K, used 77271K [0x000000076d700000, 0x0000000773180000, 0x00000007c0000000)
  eden space 67072K, 99% used [0x000000076d700000,0x000000077187d370,0x0000000771880000)
  from space 10240K, 99% used [0x0000000771a00000,0x00000007723f8a70,0x0000000772400000)
  to   space 12800K, 0% used [0x0000000772500000,0x0000000772500000,0x0000000773180000)
 ParOldGen       total 162816K, used 102705K [0x00000006c8400000, 0x00000006d2300000, 0x000000076d700000)
  object space 162816K, 63% used [0x00000006c8400000,0x00000006ce84c5b0,0x00000006d2300000)
 Metaspace       used 10396K, capacity 10628K, committed 10880K, reserved 1058816K
  class space    used 993K, capacity 1066K, committed 1152K, reserved 1048576K
Event: 6756.859 GC heap after
Heap after GC invocations=4559 (full 179):
 PSYoungGen      total 76800K, used 6464K [0x000000076d700000, 0x0000000773000000, 0x00000007c0000000)
  eden space 65536K, 0% used [0x000000076d700000,0x000000076d700000,0x0000000771700000)
  from space 11264K, 57% used [0x0000000772500000,0x0000000772b502e8,0x0000000773000000)
  to   space 12800K, 0% used [0x0000000771700000,0x0000000771700000,0x0000000772380000)
 ParOldGen       total 162816K, used 107199K [0x00000006c8400000, 0x00000006d2300000, 0x000000076d700000)
  object space 162816K, 65% used [0x00000006c8400000,0x00000006cecafd20,0x00000006d2300000)
 Metaspace       used 10396K, capacity 10628K, committed 10880K, reserved 1058816K
  class space    used 993K, capacity 1066K, committed 1152K, reserved 1048576K
}

