# JRE version: Java(TM) SE Runtime Environment (8.0_05-b13) (build 1.8.0_05-b13)
# Java VM: Java HotSpot(TM) 64-Bit Server VM (25.5-b02 mixed mode windows-amd64 compressed oops)
Heap:
 PSYoungGen      total 363520K, used 202967K [0x000000076d700000, 0x0000000785500000, 0x00000007c0000000)
  eden space 339968K, 52% used [0x000000076d700000,0x00000007786c15f8,0x0000000782300000)
  from space 23552K, 97% used [0x0000000783e00000,0x0000000785474990,0x0000000785500000)
  to   space 25600K, 0% used [0x0000000782300000,0x0000000782300000,0x0000000783c00000)
 ParOldGen       total 36352K, used 24590K [0x00000006c8400000, 0x00000006ca780000, 0x000000076d700000)
  object space 36352K, 67% used [0x00000006c8400000,0x00000006c9c03a00,0x00000006ca780000)
 Metaspace       used 10161K, capacity 10402K, committed 10624K, reserved 1058816K
  class space    used 991K, capacity 1071K, committed 1152K, reserved 1048576K
GC Heap History (10 events):
Event: 942.087 GC heap before
{Heap before GC invocations=154 (full 7):
 PSYoungGen      total 292352K, used 286790K [0x000000076d700000, 0x0000000780880000, 0x00000007c0000000)
  eden space 273920K, 100% used [0x000000076d700000,0x000000077e280000,0x000000077e280000)
  from space 18432K, 69% used [0x000000077f680000,0x00000007803118d0,0x0000000780880000)
  to   space 19456K, 0% used [0x000000077e280000,0x000000077e280000,0x000000077f580000)
 ParOldGen       total 27648K, used 14935K [0x00000006c8400000, 0x00000006c9f00000, 0x000000076d700000)
  object space 27648K, 54% used [0x00000006c8400000,0x00000006c9295de8,0x00000006c9f00000)
 Metaspace       used 10148K, capacity 10338K, committed 10624K, reserved 1058816K
  class space    used 991K, capacity 1071K, committed 1152K, reserved 1048576K
Event: 942.173 GC heap after
Heap after GC invocations=154 (full 7):
 PSYoungGen      total 293376K, used 19441K [0x000000076d700000, 0x0000000782980000, 0x00000007c0000000)
  eden space 273920K, 0% used [0x000000076d700000,0x000000076d700000,0x000000077e280000)
  from space 19456K, 99% used [0x000000077e280000,0x000000077f57c5f8,0x000000077f580000)
  to   space 22528K, 0% used [0x0000000781380000,0x0000000781380000,0x0000000782980000)
 ParOldGen       total 27648K, used 18759K [0x00000006c8400000, 0x00000006c9f00000, 0x000000076d700000)
  object space 27648K, 67% used [0x00000006c8400000,0x00000006c9651d78,0x00000006c9f00000)
 Metaspace       used 10148K, capacity 10338K, committed 10624K, reserved 1058816K
  class space    used 991K, capacity 1071K, committed 1152K, reserved 1048576K
}
Event: 949.791 GC heap before
{Heap before GC invocations=155 (full 7):
 PSYoungGen      total 293376K, used 293361K [0x000000076d700000, 0x0000000782980000, 0x00000007c0000000)
  eden space 273920K, 100% used [0x000000076d700000,0x000000077e280000,0x000000077e280000)
  from space 19456K, 99% used [0x000000077e280000,0x000000077f57c5f8,0x000000077f580000)
  to   space 22528K, 0% used [0x0000000781380000,0x0000000781380000,0x0000000782980000)
 ParOldGen       total 27648K, used 18759K [0x00000006c8400000, 0x00000006c9f00000, 0x000000076d700000)
  object space 27648K, 67% used [0x00000006c8400000,0x00000006c9651d78,0x00000006c9f00000)
 Metaspace       used 10148K, capacity 10338K, committed 10624K, reserved 1058816K
  class space    used 991K, capacity 1071K, committed 1152K, reserved 1048576K
Event: 949.825 GC heap after
Heap after GC invocations=155 (full 7):
 PSYoungGen      total 321024K, used 14262K [0x000000076d700000, 0x0000000782780000, 0x00000007c0000000)
  eden space 300544K, 0% used [0x000000076d700000,0x000000076d700000,0x000000077fc80000)
  from space 20480K, 69% used [0x0000000781380000,0x000000078216da98,0x0000000782780000)
  to   space 22016K, 0% used [0x000000077fc80000,0x000000077fc80000,0x0000000781200000)
 ParOldGen       total 27648K, used 19325K [0x00000006c8400000, 0x00000006c9f00000, 0x000000076d700000)
  object space 27648K, 69% used [0x00000006c8400000,0x00000006c96df478,0x00000006c9f00000)
 Metaspace       used 10148K, capacity 10338K, committed 10624K, reserved 1058816K
  class space    used 991K, capacity 1071K, committed 1152K, reserved 1048576K
}
Event: 961.397 GC heap before
{Heap before GC invocations=156 (full 7):
 PSYoungGen      total 321024K, used 314806K [0x000000076d700000, 0x0000000782780000, 0x00000007c0000000)
  eden space 300544K, 100% used [0x000000076d700000,0x000000077fc80000,0x000000077fc80000)
  from space 20480K, 69% used [0x0000000781380000,0x000000078216da98,0x0000000782780000)
  to   space 22016K, 0% used [0x000000077fc80000,0x000000077fc80000,0x0000000781200000)
 ParOldGen       total 27648K, used 19325K [0x00000006c8400000, 0x00000006c9f00000, 0x000000076d700000)
  object space 27648K, 69% used [0x00000006c8400000,0x00000006c96df478,0x00000006c9f00000)
 Metaspace       used 10148K, capacity 10338K, committed 10624K, reserved 1058816K
  class space    used 991K, capacity 1071K, committed 1152K, reserved 1048576K
Event: 961.968 GC heap after
Heap after GC invocations=156 (full 7):
 PSYoungGen      total 322560K, used 20215K [0x000000076d700000, 0x0000000785500000, 0x00000007c0000000)
  eden space 300544K, 0% used [0x000000076d700000,0x000000076d700000,0x000000077fc80000)
  from space 22016K, 91% used [0x000000077fc80000,0x000000078103dc30,0x0000000781200000)
  to   space 23552K, 0% used [0x0000000783e00000,0x0000000783e00000,0x0000000785500000)
 ParOldGen       total 27648K, used 21688K [0x00000006c8400000, 0x00000006c9f00000, 0x000000076d700000)
  object space 27648K, 78% used [0x00000006c8400000,0x00000006c992e248,0x00000006c9f00000)
 Metaspace       used 10148K, capacity 10338K, committed 10624K, reserved 1058816K
  class space    used 991K, capacity 1071K, committed 1152K, reserved 1048576K
}
Event: 961.968 GC heap before
{Heap before GC invocations=157 (full 8):
 PSYoungGen      total 322560K, used 20215K [0x000000076d700000, 0x0000000785500000, 0x00000007c0000000)
  eden space 300544K, 0% used [0x000000076d700000,0x000000076d700000,0x000000077fc80000)
  from space 22016K, 91% used [0x000000077fc80000,0x000000078103dc30,0x0000000781200000)
  to   space 23552K, 0% used [0x0000000783e00000,0x0000000783e00000,0x0000000785500000)
 ParOldGen       total 27648K, used 21688K [0x00000006c8400000, 0x00000006c9f00000, 0x000000076d700000)
  object space 27648K, 78% used [0x00000006c8400000,0x00000006c992e248,0x00000006c9f00000)
 Metaspace       used 10148K, capacity 10338K, committed 10624K, reserved 1058816K
  class space    used 991K, capacity 1071K, committed 1152K, reserved 1048576K
Event: 962.263 GC heap after
Heap after GC invocations=157 (full 8):
 PSYoungGen      total 322560K, used 0K [0x000000076d700000, 0x0000000785500000, 0x00000007c0000000)
  eden space 300544K, 0% used [0x000000076d700000,0x000000076d700000,0x000000077fc80000)
  from space 22016K, 0% used [0x000000077fc80000,0x000000077fc80000,0x0000000781200000)
  to   space 23552K, 0% used [0x0000000783e00000,0x0000000783e00000,0x0000000785500000)
 ParOldGen       total 36352K, used 24582K [0x00000006c8400000, 0x00000006ca780000, 0x000000076d700000)
  object space 36352K, 67% used [0x00000006c8400000,0x00000006c9c01a00,0x00000006ca780000)
 Metaspace       used 10148K, capacity 10338K, committed 10624K, reserved 1058816K
  class space    used 991K, capacity 1071K, committed 1152K, reserved 1048576K
}
Event: 973.979 GC heap before
{Heap before GC invocations=158 (full 8):
 PSYoungGen      total 322560K, used 300544K [0x000000076d700000, 0x0000000785500000, 0x00000007c0000000)
  eden space 300544K, 100% used [0x000000076d700000,0x000000077fc80000,0x000000077fc80000)
  from space 22016K, 0% used [0x000000077fc80000,0x000000077fc80000,0x0000000781200000)
  to   space 23552K, 0% used [0x0000000783e00000,0x0000000783e00000,0x0000000785500000)
 ParOldGen       total 36352K, used 24582K [0x00000006c8400000, 0x00000006ca780000, 0x000000076d700000)
  object space 36352K, 67% used [0x00000006c8400000,0x00000006c9c01a00,0x00000006ca780000)
 Metaspace       used 10161K, capacity 10402K, committed 10624K, reserved 1058816K
  class space    used 991K, capacity 1071K, committed 1152K, reserved 1048576K
Event: 974.003 GC heap after
Heap after GC invocations=158 (full 8):
 PSYoungGen      total 363520K, used 22994K [0x000000076d700000, 0x0000000785500000, 0x00000007c0000000)
  eden space 339968K, 0% used [0x000000076d700000,0x000000076d700000,0x0000000782300000)
  from space 23552K, 97% used [0x0000000783e00000,0x0000000785474990,0x0000000785500000)
  to   space 25600K, 0% used [0x0000000782300000,0x0000000782300000,0x0000000783c00000)
 ParOldGen       total 36352K, used 24590K [0x00000006c8400000, 0x00000006ca780000, 0x000000076d700000)
  object space 36352K, 67% used [0x00000006c8400000,0x00000006c9c03a00,0x00000006ca780000)
 Metaspace       used 10161K, capacity 10402K, committed 10624K, reserved 1058816K
  class space    used 991K, capacity 1071K, committed 1152K, reserved 1048576K
}

